INFO: COMMAND: train.py --save-dir /Users/xiazeyu/nlu_cw2/results/Q5 --log-file /Users/xiazeyu/nlu_cw2/results/Q5/log.out --translate-log-file /Users/xiazeyu/nlu_cw2/results/Q5/translate.out --data /Users/xiazeyu/nlu_cw2/europarl_prepared --encoder-num-layers 1 --decoder-num-layers 1 --decoder-use-lexical-model True
INFO: Arguments: {'data': '/Users/xiazeyu/nlu_cw2/europarl_prepared', 'source_lang': 'de', 'target_lang': 'en', 'max_tokens': None, 'batch_size': 10, 'train_on_tiny': False, 'arch': 'lstm', 'max_epoch': 100, 'clip_norm': 4.0, 'lr': 0.0003, 'patience': 10, 'log_file': '/Users/xiazeyu/nlu_cw2/results/Q5/log.out', 'translate_log_file': '/Users/xiazeyu/nlu_cw2/results/Q5/translate.out', 'save_dir': '/Users/xiazeyu/nlu_cw2/results/Q5', 'restore_file': 'checkpoint_last.pt', 'save_interval': 1, 'no_save': False, 'epoch_checkpoints': False, 'encoder_embed_dim': 64, 'encoder_embed_path': None, 'encoder_hidden_size': 64, 'encoder_num_layers': 1, 'encoder_bidirectional': 'True', 'encoder_dropout_in': 0.25, 'encoder_dropout_out': 0.25, 'decoder_embed_dim': 64, 'decoder_embed_path': None, 'decoder_hidden_size': 128, 'decoder_num_layers': 1, 'decoder_dropout_in': 0.25, 'decoder_dropout_out': 0.25, 'decoder_use_attention': 'True', 'decoder_use_lexical_model': 'True', 'device_id': 0}
INFO: Loaded a source dictionary (de) with 5047 words
INFO: Loaded a target dictionary (en) with 4420 words
INFO: Built a model with 1748040 parameters
INFO: Epoch 000: loss 5.564 | lr 0.0003 | num_tokens 13.4 | batch_size 10 | grad_norm 14.91 | clip 1 | train_perplexity 261
INFO: Epoch 000: valid_loss 5.03 | num_tokens 13.8 | batch_size 500 | valid_perplexity 153
INFO: Epoch 001: loss 4.925 | lr 0.0003 | num_tokens 13.4 | batch_size 10 | grad_norm 15.35 | clip 1 | train_perplexity 138
INFO: Epoch 001: valid_loss 4.63 | num_tokens 13.8 | batch_size 500 | valid_perplexity 103
INFO: Epoch 002: loss 4.591 | lr 0.0003 | num_tokens 13.4 | batch_size 10 | grad_norm 16.97 | clip 1 | train_perplexity 98.6
INFO: Epoch 002: valid_loss 4.4 | num_tokens 13.8 | batch_size 500 | valid_perplexity 81.7
INFO: Epoch 003: loss 4.364 | lr 0.0003 | num_tokens 13.4 | batch_size 10 | grad_norm 17.97 | clip 1 | train_perplexity 78.6
INFO: Epoch 003: valid_loss 4.23 | num_tokens 13.8 | batch_size 500 | valid_perplexity 68.8
INFO: Epoch 004: loss 4.184 | lr 0.0003 | num_tokens 13.4 | batch_size 10 | grad_norm 18.66 | clip 1 | train_perplexity 65.6
INFO: Epoch 004: valid_loss 4.12 | num_tokens 13.8 | batch_size 500 | valid_perplexity 61.3
INFO: Epoch 005: loss 4.038 | lr 0.0003 | num_tokens 13.4 | batch_size 10 | grad_norm 19.42 | clip 1 | train_perplexity 56.7
INFO: Epoch 005: valid_loss 4 | num_tokens 13.8 | batch_size 500 | valid_perplexity 54.6
INFO: Epoch 006: loss 3.906 | lr 0.0003 | num_tokens 13.4 | batch_size 10 | grad_norm 20.02 | clip 1 | train_perplexity 49.7
INFO: Epoch 006: valid_loss 3.92 | num_tokens 13.8 | batch_size 500 | valid_perplexity 50.3
INFO: Epoch 007: loss 3.792 | lr 0.0003 | num_tokens 13.4 | batch_size 10 | grad_norm 20.56 | clip 1 | train_perplexity 44.3
INFO: Epoch 007: valid_loss 3.83 | num_tokens 13.8 | batch_size 500 | valid_perplexity 46.3
INFO: Epoch 008: loss 3.688 | lr 0.0003 | num_tokens 13.4 | batch_size 10 | grad_norm 21 | clip 1 | train_perplexity 39.9
INFO: Epoch 008: valid_loss 3.77 | num_tokens 13.8 | batch_size 500 | valid_perplexity 43.3
INFO: Epoch 009: loss 3.586 | lr 0.0003 | num_tokens 13.4 | batch_size 10 | grad_norm 21.65 | clip 1 | train_perplexity 36.1
INFO: Epoch 009: valid_loss 3.71 | num_tokens 13.8 | batch_size 500 | valid_perplexity 40.7
INFO: Epoch 010: loss 3.495 | lr 0.0003 | num_tokens 13.4 | batch_size 10 | grad_norm 22.16 | clip 1 | train_perplexity 32.9
INFO: Epoch 010: valid_loss 3.65 | num_tokens 13.8 | batch_size 500 | valid_perplexity 38.3
INFO: Epoch 011: loss 3.407 | lr 0.0003 | num_tokens 13.4 | batch_size 10 | grad_norm 22.75 | clip 1 | train_perplexity 30.2
INFO: Epoch 011: valid_loss 3.6 | num_tokens 13.8 | batch_size 500 | valid_perplexity 36.6
INFO: Epoch 012: loss 3.325 | lr 0.0003 | num_tokens 13.4 | batch_size 10 | grad_norm 23.16 | clip 1 | train_perplexity 27.8
INFO: Epoch 012: valid_loss 3.55 | num_tokens 13.8 | batch_size 500 | valid_perplexity 34.9
INFO: Epoch 013: loss 3.248 | lr 0.0003 | num_tokens 13.4 | batch_size 10 | grad_norm 23.69 | clip 1 | train_perplexity 25.7
INFO: Epoch 013: valid_loss 3.52 | num_tokens 13.8 | batch_size 500 | valid_perplexity 33.7
INFO: Epoch 014: loss 3.175 | lr 0.0003 | num_tokens 13.4 | batch_size 10 | grad_norm 24.11 | clip 1 | train_perplexity 23.9
INFO: Epoch 014: valid_loss 3.47 | num_tokens 13.8 | batch_size 500 | valid_perplexity 32.3
INFO: Epoch 015: loss 3.101 | lr 0.0003 | num_tokens 13.4 | batch_size 10 | grad_norm 24.46 | clip 1 | train_perplexity 22.2
INFO: Epoch 015: valid_loss 3.44 | num_tokens 13.8 | batch_size 500 | valid_perplexity 31.3
INFO: Epoch 016: loss 3.033 | lr 0.0003 | num_tokens 13.4 | batch_size 10 | grad_norm 24.93 | clip 1 | train_perplexity 20.8
INFO: Epoch 016: valid_loss 3.42 | num_tokens 13.8 | batch_size 500 | valid_perplexity 30.5
INFO: Epoch 017: loss 2.973 | lr 0.0003 | num_tokens 13.4 | batch_size 10 | grad_norm 25.27 | clip 1 | train_perplexity 19.6
INFO: Epoch 017: valid_loss 3.39 | num_tokens 13.8 | batch_size 500 | valid_perplexity 29.7
INFO: Epoch 018: loss 2.914 | lr 0.0003 | num_tokens 13.4 | batch_size 10 | grad_norm 25.53 | clip 1 | train_perplexity 18.4
INFO: Epoch 018: valid_loss 3.36 | num_tokens 13.8 | batch_size 500 | valid_perplexity 28.9
INFO: Epoch 019: loss 2.857 | lr 0.0003 | num_tokens 13.4 | batch_size 10 | grad_norm 25.86 | clip 1 | train_perplexity 17.4
INFO: Epoch 019: valid_loss 3.35 | num_tokens 13.8 | batch_size 500 | valid_perplexity 28.4
INFO: Epoch 020: loss 2.802 | lr 0.0003 | num_tokens 13.4 | batch_size 10 | grad_norm 26.22 | clip 1 | train_perplexity 16.5
INFO: Epoch 020: valid_loss 3.33 | num_tokens 13.8 | batch_size 500 | valid_perplexity 27.9
INFO: Epoch 021: loss 2.754 | lr 0.0003 | num_tokens 13.4 | batch_size 10 | grad_norm 26.51 | clip 1 | train_perplexity 15.7
INFO: Epoch 021: valid_loss 3.31 | num_tokens 13.8 | batch_size 500 | valid_perplexity 27.5
INFO: Epoch 022: loss 2.701 | lr 0.0003 | num_tokens 13.4 | batch_size 10 | grad_norm 26.66 | clip 1 | train_perplexity 14.9
INFO: Epoch 022: valid_loss 3.29 | num_tokens 13.8 | batch_size 500 | valid_perplexity 26.9
INFO: Epoch 023: loss 2.656 | lr 0.0003 | num_tokens 13.4 | batch_size 10 | grad_norm 26.95 | clip 1 | train_perplexity 14.2
INFO: Epoch 023: valid_loss 3.28 | num_tokens 13.8 | batch_size 500 | valid_perplexity 26.6
INFO: Epoch 024: loss 2.613 | lr 0.0003 | num_tokens 13.4 | batch_size 10 | grad_norm 27.16 | clip 1 | train_perplexity 13.6
INFO: Epoch 024: valid_loss 3.26 | num_tokens 13.8 | batch_size 500 | valid_perplexity 26.1
INFO: Epoch 025: loss 2.571 | lr 0.0003 | num_tokens 13.4 | batch_size 10 | grad_norm 27.33 | clip 1 | train_perplexity 13.1
INFO: Epoch 025: valid_loss 3.26 | num_tokens 13.8 | batch_size 500 | valid_perplexity 26.1
INFO: Epoch 026: loss 2.527 | lr 0.0003 | num_tokens 13.4 | batch_size 10 | grad_norm 27.39 | clip 0.999 | train_perplexity 12.5
INFO: Epoch 026: valid_loss 3.25 | num_tokens 13.8 | batch_size 500 | valid_perplexity 25.7
INFO: Epoch 027: loss 2.491 | lr 0.0003 | num_tokens 13.4 | batch_size 10 | grad_norm 27.62 | clip 1 | train_perplexity 12.1
INFO: Epoch 027: valid_loss 3.23 | num_tokens 13.8 | batch_size 500 | valid_perplexity 25.4
INFO: Epoch 028: loss 2.449 | lr 0.0003 | num_tokens 13.4 | batch_size 10 | grad_norm 27.88 | clip 1 | train_perplexity 11.6
INFO: Epoch 028: valid_loss 3.23 | num_tokens 13.8 | batch_size 500 | valid_perplexity 25.2
INFO: Epoch 029: loss 2.416 | lr 0.0003 | num_tokens 13.4 | batch_size 10 | grad_norm 27.95 | clip 0.999 | train_perplexity 11.2
INFO: Epoch 029: valid_loss 3.22 | num_tokens 13.8 | batch_size 500 | valid_perplexity 25.1
INFO: Epoch 030: loss 2.382 | lr 0.0003 | num_tokens 13.4 | batch_size 10 | grad_norm 28.1 | clip 1 | train_perplexity 10.8
INFO: Epoch 030: valid_loss 3.21 | num_tokens 13.8 | batch_size 500 | valid_perplexity 24.8
INFO: Epoch 031: loss 2.35 | lr 0.0003 | num_tokens 13.4 | batch_size 10 | grad_norm 28.2 | clip 1 | train_perplexity 10.5
INFO: Epoch 031: valid_loss 3.2 | num_tokens 13.8 | batch_size 500 | valid_perplexity 24.6
INFO: Epoch 032: loss 2.322 | lr 0.0003 | num_tokens 13.4 | batch_size 10 | grad_norm 28.38 | clip 1 | train_perplexity 10.2
INFO: Epoch 032: valid_loss 3.2 | num_tokens 13.8 | batch_size 500 | valid_perplexity 24.6
INFO: Epoch 033: loss 2.29 | lr 0.0003 | num_tokens 13.4 | batch_size 10 | grad_norm 28.38 | clip 1 | train_perplexity 9.88
INFO: Epoch 033: valid_loss 3.19 | num_tokens 13.8 | batch_size 500 | valid_perplexity 24.4
INFO: Epoch 034: loss 2.263 | lr 0.0003 | num_tokens 13.4 | batch_size 10 | grad_norm 28.58 | clip 0.999 | train_perplexity 9.62
INFO: Epoch 034: valid_loss 3.19 | num_tokens 13.8 | batch_size 500 | valid_perplexity 24.3
INFO: Epoch 035: loss 2.23 | lr 0.0003 | num_tokens 13.4 | batch_size 10 | grad_norm 28.73 | clip 0.999 | train_perplexity 9.3
INFO: Epoch 035: valid_loss 3.19 | num_tokens 13.8 | batch_size 500 | valid_perplexity 24.2
INFO: Epoch 036: loss 2.201 | lr 0.0003 | num_tokens 13.4 | batch_size 10 | grad_norm 28.7 | clip 1 | train_perplexity 9.03
INFO: Epoch 036: valid_loss 3.19 | num_tokens 13.8 | batch_size 500 | valid_perplexity 24.3
INFO: Epoch 037: loss 2.185 | lr 0.0003 | num_tokens 13.4 | batch_size 10 | grad_norm 28.81 | clip 1 | train_perplexity 8.89
INFO: Epoch 037: valid_loss 3.18 | num_tokens 13.8 | batch_size 500 | valid_perplexity 24
INFO: Epoch 038: loss 2.159 | lr 0.0003 | num_tokens 13.4 | batch_size 10 | grad_norm 28.93 | clip 1 | train_perplexity 8.66
INFO: Epoch 038: valid_loss 3.17 | num_tokens 13.8 | batch_size 500 | valid_perplexity 23.8
INFO: Epoch 039: loss 2.134 | lr 0.0003 | num_tokens 13.4 | batch_size 10 | grad_norm 28.91 | clip 1 | train_perplexity 8.45
INFO: Epoch 039: valid_loss 3.17 | num_tokens 13.8 | batch_size 500 | valid_perplexity 23.9
INFO: Epoch 040: loss 2.113 | lr 0.0003 | num_tokens 13.4 | batch_size 10 | grad_norm 29.06 | clip 0.999 | train_perplexity 8.27
INFO: Epoch 040: valid_loss 3.18 | num_tokens 13.8 | batch_size 500 | valid_perplexity 24
INFO: Epoch 041: loss 2.086 | lr 0.0003 | num_tokens 13.4 | batch_size 10 | grad_norm 29.07 | clip 0.999 | train_perplexity 8.05
INFO: Epoch 041: valid_loss 3.17 | num_tokens 13.8 | batch_size 500 | valid_perplexity 23.8
INFO: Epoch 042: loss 2.067 | lr 0.0003 | num_tokens 13.4 | batch_size 10 | grad_norm 29.09 | clip 1 | train_perplexity 7.9
INFO: Epoch 042: valid_loss 3.17 | num_tokens 13.8 | batch_size 500 | valid_perplexity 23.9
INFO: Epoch 043: loss 2.047 | lr 0.0003 | num_tokens 13.4 | batch_size 10 | grad_norm 29.44 | clip 0.999 | train_perplexity 7.75
INFO: Epoch 043: valid_loss 3.17 | num_tokens 13.8 | batch_size 500 | valid_perplexity 23.9
INFO: Epoch 044: loss 2.028 | lr 0.0003 | num_tokens 13.4 | batch_size 10 | grad_norm 29.32 | clip 0.999 | train_perplexity 7.6
INFO: Epoch 044: valid_loss 3.18 | num_tokens 13.8 | batch_size 500 | valid_perplexity 24
INFO: Epoch 045: loss 2.004 | lr 0.0003 | num_tokens 13.4 | batch_size 10 | grad_norm 29.32 | clip 1 | train_perplexity 7.42
INFO: Epoch 045: valid_loss 3.17 | num_tokens 13.8 | batch_size 500 | valid_perplexity 23.8
INFO: Epoch 046: loss 1.989 | lr 0.0003 | num_tokens 13.4 | batch_size 10 | grad_norm 29.39 | clip 0.999 | train_perplexity 7.31
INFO: Epoch 046: valid_loss 3.17 | num_tokens 13.8 | batch_size 500 | valid_perplexity 23.9
INFO: Epoch 047: loss 1.969 | lr 0.0003 | num_tokens 13.4 | batch_size 10 | grad_norm 29.36 | clip 0.999 | train_perplexity 7.16
INFO: Epoch 047: valid_loss 3.17 | num_tokens 13.8 | batch_size 500 | valid_perplexity 23.7
INFO: Epoch 048: loss 1.954 | lr 0.0003 | num_tokens 13.4 | batch_size 10 | grad_norm 29.39 | clip 0.999 | train_perplexity 7.06
INFO: Epoch 048: valid_loss 3.17 | num_tokens 13.8 | batch_size 500 | valid_perplexity 23.9
INFO: Epoch 049: loss 1.931 | lr 0.0003 | num_tokens 13.4 | batch_size 10 | grad_norm 29.67 | clip 0.999 | train_perplexity 6.9
INFO: Epoch 049: valid_loss 3.18 | num_tokens 13.8 | batch_size 500 | valid_perplexity 24
INFO: Epoch 050: loss 1.914 | lr 0.0003 | num_tokens 13.4 | batch_size 10 | grad_norm 29.6 | clip 0.999 | train_perplexity 6.78
INFO: Epoch 050: valid_loss 3.18 | num_tokens 13.8 | batch_size 500 | valid_perplexity 24
INFO: Epoch 051: loss 1.898 | lr 0.0003 | num_tokens 13.4 | batch_size 10 | grad_norm 29.57 | clip 1 | train_perplexity 6.67
INFO: Epoch 051: valid_loss 3.18 | num_tokens 13.8 | batch_size 500 | valid_perplexity 24
INFO: Epoch 052: loss 1.883 | lr 0.0003 | num_tokens 13.4 | batch_size 10 | grad_norm 29.69 | clip 0.999 | train_perplexity 6.57
INFO: Epoch 052: valid_loss 3.18 | num_tokens 13.8 | batch_size 500 | valid_perplexity 24
INFO: Epoch 053: loss 1.868 | lr 0.0003 | num_tokens 13.4 | batch_size 10 | grad_norm 29.75 | clip 0.999 | train_perplexity 6.48
INFO: Epoch 053: valid_loss 3.18 | num_tokens 13.8 | batch_size 500 | valid_perplexity 24.1
INFO: Epoch 054: loss 1.858 | lr 0.0003 | num_tokens 13.4 | batch_size 10 | grad_norm 29.79 | clip 1 | train_perplexity 6.41
INFO: Epoch 054: valid_loss 3.18 | num_tokens 13.8 | batch_size 500 | valid_perplexity 24.2
INFO: Epoch 055: loss 1.835 | lr 0.0003 | num_tokens 13.4 | batch_size 10 | grad_norm 29.69 | clip 0.998 | train_perplexity 6.27
INFO: Epoch 055: valid_loss 3.19 | num_tokens 13.8 | batch_size 500 | valid_perplexity 24.2
INFO: Epoch 056: loss 1.823 | lr 0.0003 | num_tokens 13.4 | batch_size 10 | grad_norm 29.84 | clip 1 | train_perplexity 6.19
INFO: Epoch 056: valid_loss 3.19 | num_tokens 13.8 | batch_size 500 | valid_perplexity 24.2
INFO: Epoch 057: loss 1.811 | lr 0.0003 | num_tokens 13.4 | batch_size 10 | grad_norm 29.81 | clip 0.999 | train_perplexity 6.12
INFO: Epoch 057: valid_loss 3.19 | num_tokens 13.8 | batch_size 500 | valid_perplexity 24.3
INFO: No validation set improvements observed for 10 epochs. Early stop!
INFO: Epoch 057: test_loss 3.27 | num_tokens 13.6 | batch_size 500 | test_perplexity 26.4
